{"D:\\01-POKER\\Code2021\\midu-bootcamp\\front\\src\\App.jsx": {"path":"D:\\01-POKER\\Code2021\\midu-bootcamp\\front\\src\\App.jsx","statementMap":{"0":{"start":{"line":11,"column":12},"end":{"line":117,"column":1}},"1":{"start":{"line":12,"column":27},"end":{"line":12,"column":39}},"2":{"start":{"line":13,"column":31},"end":{"line":13,"column":45}},"3":{"start":{"line":14,"column":41},"end":{"line":14,"column":55}},"4":{"start":{"line":16,"column":25},"end":{"line":16,"column":39}},"5":{"start":{"line":18,"column":1},"end":{"line":22,"column":7}},"6":{"start":{"line":19,"column":2},"end":{"line":21,"column":4}},"7":{"start":{"line":20,"column":3},"end":{"line":20,"column":25}},"8":{"start":{"line":24,"column":1},"end":{"line":32,"column":7}},"9":{"start":{"line":25,"column":25},"end":{"line":25,"column":73}},"10":{"start":{"line":27,"column":2},"end":{"line":31,"column":3}},"11":{"start":{"line":28,"column":16},"end":{"line":28,"column":42}},"12":{"start":{"line":29,"column":3},"end":{"line":29,"column":16}},"13":{"start":{"line":30,"column":3},"end":{"line":30,"column":35}},"14":{"start":{"line":34,"column":17},"end":{"line":38,"column":2}},"15":{"start":{"line":35,"column":2},"end":{"line":37,"column":4}},"16":{"start":{"line":36,"column":3},"end":{"line":36,"column":39}},"17":{"start":{"line":40,"column":28},"end":{"line":59,"column":2}},"18":{"start":{"line":41,"column":15},"end":{"line":41,"column":45}},"19":{"start":{"line":41,"column":33},"end":{"line":41,"column":44}},"20":{"start":{"line":42,"column":22},"end":{"line":42,"column":61}},"21":{"start":{"line":43,"column":2},"end":{"line":43,"column":19}},"22":{"start":{"line":44,"column":2},"end":{"line":44,"column":26}},"23":{"start":{"line":46,"column":2},"end":{"line":58,"column":5}},"24":{"start":{"line":49,"column":4},"end":{"line":49,"column":73}},"25":{"start":{"line":49,"column":34},"end":{"line":49,"column":70}},"26":{"start":{"line":52,"column":4},"end":{"line":54,"column":5}},"27":{"start":{"line":55,"column":4},"end":{"line":57,"column":12}},"28":{"start":{"line":56,"column":5},"end":{"line":56,"column":26}},"29":{"start":{"line":61,"column":17},"end":{"line":80,"column":2}},"30":{"start":{"line":62,"column":2},"end":{"line":79,"column":3}},"31":{"start":{"line":63,"column":16},"end":{"line":66,"column":5}},"32":{"start":{"line":68,"column":3},"end":{"line":68,"column":73}},"33":{"start":{"line":70,"column":3},"end":{"line":70,"column":35}},"34":{"start":{"line":72,"column":3},"end":{"line":72,"column":16}},"35":{"start":{"line":74,"column":3},"end":{"line":74,"column":39}},"36":{"start":{"line":76,"column":3},"end":{"line":78,"column":11}},"37":{"start":{"line":77,"column":4},"end":{"line":77,"column":25}},"38":{"start":{"line":82,"column":22},"end":{"line":86,"column":2}},"39":{"start":{"line":83,"column":2},"end":{"line":83,"column":15}},"40":{"start":{"line":84,"column":2},"end":{"line":84,"column":28}},"41":{"start":{"line":85,"column":2},"end":{"line":85,"column":53}},"42":{"start":{"line":88,"column":21},"end":{"line":88,"column":77}},"43":{"start":{"line":88,"column":62},"end":{"line":88,"column":76}},"44":{"start":{"line":90,"column":1},"end":{"line":116,"column":2}},"45":{"start":{"line":102,"column":27},"end":{"line":102,"column":47}},"46":{"start":{"line":108,"column":5},"end":{"line":112,"column":7}},"47":{"start":{"line":111,"column":30},"end":{"line":111,"column":57}}},"fnMap":{"0":{"name":"(anonymous_0)","decl":{"start":{"line":11,"column":12},"end":{"line":11,"column":13}},"loc":{"start":{"line":11,"column":18},"end":{"line":117,"column":1}},"line":11},"1":{"name":"(anonymous_1)","decl":{"start":{"line":18,"column":11},"end":{"line":18,"column":12}},"loc":{"start":{"line":18,"column":17},"end":{"line":22,"column":2}},"line":18},"2":{"name":"(anonymous_2)","decl":{"start":{"line":19,"column":28},"end":{"line":19,"column":29}},"loc":{"start":{"line":19,"column":46},"end":{"line":21,"column":3}},"line":19},"3":{"name":"(anonymous_3)","decl":{"start":{"line":24,"column":11},"end":{"line":24,"column":12}},"loc":{"start":{"line":24,"column":17},"end":{"line":32,"column":2}},"line":24},"4":{"name":"(anonymous_4)","decl":{"start":{"line":34,"column":17},"end":{"line":34,"column":18}},"loc":{"start":{"line":34,"column":33},"end":{"line":38,"column":2}},"line":34},"5":{"name":"(anonymous_5)","decl":{"start":{"line":35,"column":38},"end":{"line":35,"column":39}},"loc":{"start":{"line":35,"column":56},"end":{"line":37,"column":3}},"line":35},"6":{"name":"(anonymous_6)","decl":{"start":{"line":40,"column":28},"end":{"line":40,"column":29}},"loc":{"start":{"line":40,"column":36},"end":{"line":59,"column":2}},"line":40},"7":{"name":"(anonymous_7)","decl":{"start":{"line":41,"column":26},"end":{"line":41,"column":27}},"loc":{"start":{"line":41,"column":33},"end":{"line":41,"column":44}},"line":41},"8":{"name":"(anonymous_8)","decl":{"start":{"line":48,"column":9},"end":{"line":48,"column":10}},"loc":{"start":{"line":48,"column":27},"end":{"line":50,"column":4}},"line":48},"9":{"name":"(anonymous_9)","decl":{"start":{"line":49,"column":23},"end":{"line":49,"column":24}},"loc":{"start":{"line":49,"column":34},"end":{"line":49,"column":70}},"line":49},"10":{"name":"(anonymous_10)","decl":{"start":{"line":51,"column":10},"end":{"line":51,"column":11}},"loc":{"start":{"line":51,"column":21},"end":{"line":58,"column":4}},"line":51},"11":{"name":"(anonymous_11)","decl":{"start":{"line":55,"column":15},"end":{"line":55,"column":16}},"loc":{"start":{"line":55,"column":21},"end":{"line":57,"column":5}},"line":55},"12":{"name":"(anonymous_12)","decl":{"start":{"line":61,"column":17},"end":{"line":61,"column":18}},"loc":{"start":{"line":61,"column":51},"end":{"line":80,"column":2}},"line":61},"13":{"name":"(anonymous_13)","decl":{"start":{"line":76,"column":14},"end":{"line":76,"column":15}},"loc":{"start":{"line":76,"column":20},"end":{"line":78,"column":4}},"line":76},"14":{"name":"(anonymous_14)","decl":{"start":{"line":82,"column":22},"end":{"line":82,"column":23}},"loc":{"start":{"line":82,"column":28},"end":{"line":86,"column":2}},"line":82},"15":{"name":"(anonymous_15)","decl":{"start":{"line":88,"column":52},"end":{"line":88,"column":53}},"loc":{"start":{"line":88,"column":62},"end":{"line":88,"column":76}},"line":88},"16":{"name":"(anonymous_16)","decl":{"start":{"line":102,"column":21},"end":{"line":102,"column":22}},"loc":{"start":{"line":102,"column":27},"end":{"line":102,"column":47}},"line":102},"17":{"name":"(anonymous_17)","decl":{"start":{"line":107,"column":21},"end":{"line":107,"column":22}},"loc":{"start":{"line":108,"column":5},"end":{"line":112,"column":7}},"line":108},"18":{"name":"(anonymous_18)","decl":{"start":{"line":111,"column":24},"end":{"line":111,"column":25}},"loc":{"start":{"line":111,"column":30},"end":{"line":111,"column":57}},"line":111}},"branchMap":{"0":{"loc":{"start":{"line":27,"column":2},"end":{"line":31,"column":3}},"type":"if","locations":[{"start":{"line":27,"column":2},"end":{"line":31,"column":3}},{"start":{},"end":{}}],"line":27},"1":{"loc":{"start":{"line":49,"column":34},"end":{"line":49,"column":70}},"type":"cond-expr","locations":[{"start":{"line":49,"column":51},"end":{"line":49,"column":55}},{"start":{"line":49,"column":58},"end":{"line":49,"column":70}}],"line":49},"2":{"loc":{"start":{"line":88,"column":21},"end":{"line":88,"column":77}},"type":"cond-expr","locations":[{"start":{"line":88,"column":31},"end":{"line":88,"column":36}},{"start":{"line":88,"column":39},"end":{"line":88,"column":77}}],"line":88},"3":{"loc":{"start":{"line":95,"column":4},"end":{"line":99,"column":4}},"type":"cond-expr","locations":[{"start":{"line":96,"column":4},"end":{"line":96,"column":62}},{"start":{"line":98,"column":4},"end":{"line":98,"column":35}}],"line":95},"4":{"loc":{"start":{"line":103,"column":11},"end":{"line":103,"column":40}},"type":"cond-expr","locations":[{"start":{"line":103,"column":21},"end":{"line":103,"column":32}},{"start":{"line":103,"column":35},"end":{"line":103,"column":40}}],"line":103}},"s":{"0":0,"1":0,"2":0,"3":0,"4":0,"5":0,"6":0,"7":0,"8":0,"9":0,"10":0,"11":0,"12":0,"13":0,"14":0,"15":0,"16":0,"17":0,"18":0,"19":0,"20":0,"21":0,"22":0,"23":0,"24":0,"25":0,"26":0,"27":0,"28":0,"29":0,"30":0,"31":0,"32":0,"33":0,"34":0,"35":0,"36":0,"37":0,"38":0,"39":0,"40":0,"41":0,"42":0,"43":0,"44":0,"45":0,"46":0,"47":0},"f":{"0":0,"1":0,"2":0,"3":0,"4":0,"5":0,"6":0,"7":0,"8":0,"9":0,"10":0,"11":0,"12":0,"13":0,"14":0,"15":0,"16":0,"17":0,"18":0},"b":{"0":[0,0],"1":[0,0],"2":[0,0],"3":[0,0],"4":[0,0]}}
,"D:\\01-POKER\\Code2021\\midu-bootcamp\\front\\src\\index.js": {"path":"D:\\01-POKER\\Code2021\\midu-bootcamp\\front\\src\\index.js","statementMap":{"0":{"start":{"line":6,"column":0},"end":{"line":6,"column":57}}},"fnMap":{},"branchMap":{},"s":{"0":0},"f":{},"b":{}}
,"D:\\01-POKER\\Code2021\\midu-bootcamp\\front\\src\\components\\LoginForm.jsx": {"path":"D:\\01-POKER\\Code2021\\midu-bootcamp\\front\\src\\components\\LoginForm.jsx","statementMap":{"0":{"start":{"line":5,"column":18},"end":{"line":39,"column":1}},"1":{"start":{"line":6,"column":33},"end":{"line":6,"column":45}},"2":{"start":{"line":7,"column":33},"end":{"line":7,"column":45}},"3":{"start":{"line":9,"column":22},"end":{"line":14,"column":2}},"4":{"start":{"line":10,"column":2},"end":{"line":10,"column":20}},"5":{"start":{"line":11,"column":2},"end":{"line":11,"column":33}},"6":{"start":{"line":12,"column":2},"end":{"line":12,"column":17}},"7":{"start":{"line":13,"column":2},"end":{"line":13,"column":17}},"8":{"start":{"line":16,"column":1},"end":{"line":38,"column":2}},"9":{"start":{"line":24,"column":32},"end":{"line":24,"column":57}},"10":{"start":{"line":32,"column":32},"end":{"line":32,"column":57}},"11":{"start":{"line":41,"column":0},"end":{"line":43,"column":1}}},"fnMap":{"0":{"name":"(anonymous_0)","decl":{"start":{"line":5,"column":18},"end":{"line":5,"column":19}},"loc":{"start":{"line":5,"column":35},"end":{"line":39,"column":1}},"line":5},"1":{"name":"(anonymous_1)","decl":{"start":{"line":9,"column":22},"end":{"line":9,"column":23}},"loc":{"start":{"line":9,"column":29},"end":{"line":14,"column":2}},"line":9},"2":{"name":"(anonymous_2)","decl":{"start":{"line":24,"column":16},"end":{"line":24,"column":17}},"loc":{"start":{"line":24,"column":32},"end":{"line":24,"column":57}},"line":24},"3":{"name":"(anonymous_3)","decl":{"start":{"line":32,"column":16},"end":{"line":32,"column":17}},"loc":{"start":{"line":32,"column":32},"end":{"line":32,"column":57}},"line":32}},"branchMap":{},"s":{"0":0,"1":0,"2":0,"3":0,"4":0,"5":0,"6":0,"7":0,"8":0,"9":0,"10":0,"11":0},"f":{"0":0,"1":0,"2":0,"3":0},"b":{}}
,"D:\\01-POKER\\Code2021\\midu-bootcamp\\front\\src\\components\\Note.jsx": {"path":"D:\\01-POKER\\Code2021\\midu-bootcamp\\front\\src\\components\\Note.jsx","statementMap":{"0":{"start":{"line":1,"column":13},"end":{"line":10,"column":1}},"1":{"start":{"line":2,"column":15},"end":{"line":2,"column":71}},"2":{"start":{"line":4,"column":1},"end":{"line":9,"column":2}}},"fnMap":{"0":{"name":"(anonymous_0)","decl":{"start":{"line":1,"column":13},"end":{"line":1,"column":14}},"loc":{"start":{"line":1,"column":45},"end":{"line":10,"column":1}},"line":1}},"branchMap":{"0":{"loc":{"start":{"line":2,"column":15},"end":{"line":2,"column":71}},"type":"cond-expr","locations":[{"start":{"line":2,"column":32},"end":{"line":2,"column":52}},{"start":{"line":2,"column":55},"end":{"line":2,"column":71}}],"line":2}},"s":{"0":1,"1":2,"2":2},"f":{"0":2},"b":{"0":[2,0]},"_coverageSchema":"1a1c01bbd47fc00a2c39e90264f33305004495a9","hash":"6ad120007df3cbefe1390c0d0f21f0941797f295"}
,"D:\\01-POKER\\Code2021\\midu-bootcamp\\front\\src\\components\\NoteForm.jsx": {"path":"D:\\01-POKER\\Code2021\\midu-bootcamp\\front\\src\\components\\NoteForm.jsx","statementMap":{"0":{"start":{"line":4,"column":17},"end":{"line":42,"column":1}},"1":{"start":{"line":5,"column":31},"end":{"line":5,"column":43}},"2":{"start":{"line":6,"column":21},"end":{"line":6,"column":29}},"3":{"start":{"line":8,"column":22},"end":{"line":10,"column":2}},"4":{"start":{"line":9,"column":2},"end":{"line":9,"column":26}},"5":{"start":{"line":12,"column":22},"end":{"line":23,"column":2}},"6":{"start":{"line":13,"column":2},"end":{"line":13,"column":20}},"7":{"start":{"line":15,"column":21},"end":{"line":18,"column":3}},"8":{"start":{"line":20,"column":2},"end":{"line":20,"column":21}},"9":{"start":{"line":21,"column":2},"end":{"line":21,"column":16}},"10":{"start":{"line":22,"column":2},"end":{"line":22,"column":40}},"11":{"start":{"line":25,"column":1},"end":{"line":41,"column":2}}},"fnMap":{"0":{"name":"(anonymous_0)","decl":{"start":{"line":4,"column":17},"end":{"line":4,"column":18}},"loc":{"start":{"line":4,"column":48},"end":{"line":42,"column":1}},"line":4},"1":{"name":"(anonymous_1)","decl":{"start":{"line":8,"column":22},"end":{"line":8,"column":23}},"loc":{"start":{"line":8,"column":38},"end":{"line":10,"column":2}},"line":8},"2":{"name":"(anonymous_2)","decl":{"start":{"line":12,"column":22},"end":{"line":12,"column":23}},"loc":{"start":{"line":12,"column":29},"end":{"line":23,"column":2}},"line":12}},"branchMap":{},"s":{"0":0,"1":0,"2":0,"3":0,"4":0,"5":0,"6":0,"7":0,"8":0,"9":0,"10":0,"11":0},"f":{"0":0,"1":0,"2":0},"b":{}}
,"D:\\01-POKER\\Code2021\\midu-bootcamp\\front\\src\\components\\Notification.jsx": {"path":"D:\\01-POKER\\Code2021\\midu-bootcamp\\front\\src\\components\\Notification.jsx","statementMap":{"0":{"start":{"line":1,"column":21},"end":{"line":7,"column":1}},"1":{"start":{"line":2,"column":1},"end":{"line":4,"column":2}},"2":{"start":{"line":3,"column":2},"end":{"line":3,"column":13}},"3":{"start":{"line":6,"column":1},"end":{"line":6,"column":46}}},"fnMap":{"0":{"name":"(anonymous_0)","decl":{"start":{"line":1,"column":21},"end":{"line":1,"column":22}},"loc":{"start":{"line":1,"column":38},"end":{"line":7,"column":1}},"line":1}},"branchMap":{"0":{"loc":{"start":{"line":2,"column":1},"end":{"line":4,"column":2}},"type":"if","locations":[{"start":{"line":2,"column":1},"end":{"line":4,"column":2}},{"start":{},"end":{}}],"line":2}},"s":{"0":0,"1":0,"2":0,"3":0},"f":{"0":0},"b":{"0":[0,0]}}
,"D:\\01-POKER\\Code2021\\midu-bootcamp\\front\\src\\components\\Toggable.jsx": {"path":"D:\\01-POKER\\Code2021\\midu-bootcamp\\front\\src\\components\\Toggable.jsx","statementMap":{"0":{"start":{"line":4,"column":17},"end":{"line":29,"column":2}},"1":{"start":{"line":5,"column":31},"end":{"line":5,"column":46}},"2":{"start":{"line":7,"column":25},"end":{"line":7,"column":66}},"3":{"start":{"line":8,"column":25},"end":{"line":8,"column":66}},"4":{"start":{"line":10,"column":26},"end":{"line":10,"column":52}},"5":{"start":{"line":10,"column":32},"end":{"line":10,"column":52}},"6":{"start":{"line":12,"column":1},"end":{"line":16,"column":3}},"7":{"start":{"line":13,"column":2},"end":{"line":15,"column":3}},"8":{"start":{"line":18,"column":1},"end":{"line":28,"column":2}},"9":{"start":{"line":30,"column":0},"end":{"line":30,"column":33}},"10":{"start":{"line":32,"column":0},"end":{"line":34,"column":1}}},"fnMap":{"0":{"name":"(anonymous_0)","decl":{"start":{"line":4,"column":28},"end":{"line":4,"column":29}},"loc":{"start":{"line":4,"column":75},"end":{"line":29,"column":1}},"line":4},"1":{"name":"(anonymous_1)","decl":{"start":{"line":10,"column":26},"end":{"line":10,"column":27}},"loc":{"start":{"line":10,"column":32},"end":{"line":10,"column":52}},"line":10},"2":{"name":"(anonymous_2)","decl":{"start":{"line":12,"column":26},"end":{"line":12,"column":27}},"loc":{"start":{"line":12,"column":32},"end":{"line":16,"column":2}},"line":12}},"branchMap":{"0":{"loc":{"start":{"line":4,"column":41},"end":{"line":4,"column":63}},"type":"default-arg","locations":[{"start":{"line":4,"column":55},"end":{"line":4,"column":63}}],"line":4},"1":{"loc":{"start":{"line":7,"column":36},"end":{"line":7,"column":64}},"type":"cond-expr","locations":[{"start":{"line":7,"column":46},"end":{"line":7,"column":52}},{"start":{"line":7,"column":55},"end":{"line":7,"column":64}}],"line":7},"2":{"loc":{"start":{"line":8,"column":36},"end":{"line":8,"column":64}},"type":"cond-expr","locations":[{"start":{"line":8,"column":46},"end":{"line":8,"column":55}},{"start":{"line":8,"column":58},"end":{"line":8,"column":64}}],"line":8}},"s":{"0":1,"1":7,"2":7,"3":7,"4":7,"5":3,"6":7,"7":0,"8":7,"9":1,"10":1},"f":{"0":7,"1":3,"2":0},"b":{"0":[0],"1":[2,5],"2":[2,5]},"_coverageSchema":"1a1c01bbd47fc00a2c39e90264f33305004495a9","hash":"9ca86473d35656daeba144d9f2649cf294fa1a5a"}
,"D:\\01-POKER\\Code2021\\midu-bootcamp\\front\\src\\services\\login.js": {"path":"D:\\01-POKER\\Code2021\\midu-bootcamp\\front\\src\\services\\login.js","statementMap":{"0":{"start":{"line":2,"column":16},"end":{"line":2,"column":49}},"1":{"start":{"line":4,"column":14},"end":{"line":8,"column":1}},"2":{"start":{"line":5,"column":18},"end":{"line":5,"column":56}},"3":{"start":{"line":7,"column":1},"end":{"line":7,"column":12}}},"fnMap":{"0":{"name":"(anonymous_0)","decl":{"start":{"line":4,"column":14},"end":{"line":4,"column":15}},"loc":{"start":{"line":4,"column":37},"end":{"line":8,"column":1}},"line":4}},"branchMap":{},"s":{"0":0,"1":0,"2":0,"3":0},"f":{"0":0},"b":{}}
,"D:\\01-POKER\\Code2021\\midu-bootcamp\\front\\src\\services\\notes.js": {"path":"D:\\01-POKER\\Code2021\\midu-bootcamp\\front\\src\\services\\notes.js","statementMap":{"0":{"start":{"line":2,"column":16},"end":{"line":2,"column":49}},"1":{"start":{"line":4,"column":12},"end":{"line":4,"column":16}},"2":{"start":{"line":6,"column":17},"end":{"line":8,"column":1}},"3":{"start":{"line":7,"column":1},"end":{"line":7,"column":29}},"4":{"start":{"line":10,"column":15},"end":{"line":13,"column":1}},"5":{"start":{"line":11,"column":17},"end":{"line":11,"column":35}},"6":{"start":{"line":12,"column":1},"end":{"line":12,"column":49}},"7":{"start":{"line":12,"column":35},"end":{"line":12,"column":48}},"8":{"start":{"line":15,"column":15},"end":{"line":23,"column":1}},"9":{"start":{"line":16,"column":16},"end":{"line":20,"column":2}},"10":{"start":{"line":21,"column":17},"end":{"line":21,"column":55}},"11":{"start":{"line":22,"column":1},"end":{"line":22,"column":49}},"12":{"start":{"line":22,"column":35},"end":{"line":22,"column":48}},"13":{"start":{"line":25,"column":15},"end":{"line":33,"column":1}},"14":{"start":{"line":26,"column":16},"end":{"line":30,"column":2}},"15":{"start":{"line":31,"column":17},"end":{"line":31,"column":65}},"16":{"start":{"line":32,"column":1},"end":{"line":32,"column":49}},"17":{"start":{"line":32,"column":35},"end":{"line":32,"column":48}}},"fnMap":{"0":{"name":"(anonymous_0)","decl":{"start":{"line":6,"column":17},"end":{"line":6,"column":18}},"loc":{"start":{"line":6,"column":31},"end":{"line":8,"column":1}},"line":6},"1":{"name":"(anonymous_1)","decl":{"start":{"line":10,"column":15},"end":{"line":10,"column":16}},"loc":{"start":{"line":10,"column":21},"end":{"line":13,"column":1}},"line":10},"2":{"name":"(anonymous_2)","decl":{"start":{"line":12,"column":21},"end":{"line":12,"column":22}},"loc":{"start":{"line":12,"column":35},"end":{"line":12,"column":48}},"line":12},"3":{"name":"(anonymous_3)","decl":{"start":{"line":15,"column":15},"end":{"line":15,"column":16}},"loc":{"start":{"line":15,"column":30},"end":{"line":23,"column":1}},"line":15},"4":{"name":"(anonymous_4)","decl":{"start":{"line":22,"column":21},"end":{"line":22,"column":22}},"loc":{"start":{"line":22,"column":35},"end":{"line":22,"column":48}},"line":22},"5":{"name":"(anonymous_5)","decl":{"start":{"line":25,"column":15},"end":{"line":25,"column":16}},"loc":{"start":{"line":25,"column":34},"end":{"line":33,"column":1}},"line":25},"6":{"name":"(anonymous_6)","decl":{"start":{"line":32,"column":21},"end":{"line":32,"column":22}},"loc":{"start":{"line":32,"column":35},"end":{"line":32,"column":48}},"line":32}},"branchMap":{},"s":{"0":0,"1":0,"2":0,"3":0,"4":0,"5":0,"6":0,"7":0,"8":0,"9":0,"10":0,"11":0,"12":0,"13":0,"14":0,"15":0,"16":0,"17":0},"f":{"0":0,"1":0,"2":0,"3":0,"4":0,"5":0,"6":0},"b":{}}
}
